[INFO] Scanning for projects...
[INFO]
[INFO] ----------------------< com.SberTex.app:Sortings >----------------------
[INFO] Building Sortings 1.0-SNAPSHOT
[INFO]   from pom.xml
[INFO] --------------------------------[ jar ]---------------------------------
[INFO]
[INFO] --- resources:3.3.1:resources (default-resources) @ Sortings ---
[INFO] skip non existing resourceDirectory C:\Users\Shiko\IdeaProjects\task1\Task2\Sortings\src\main\resources
[INFO]
[INFO] --- compiler:3.13.0:compile (default-compile) @ Sortings ---
[INFO] Nothing to compile - all classes are up to date.
[INFO]
[INFO] --- resources:3.3.1:testResources (default-testResources) @ Sortings ---
[INFO] skip non existing resourceDirectory C:\Users\Shiko\IdeaProjects\task1\Task2\Sortings\src\test\resources
[INFO]
[INFO] --- compiler:3.13.0:testCompile (default-testCompile) @ Sortings ---
[INFO] Nothing to compile - all classes are up to date.
[INFO]
[INFO] --- surefire:3.3.0:test (default-test) @ Sortings ---
[INFO] Using auto detected provider org.apache.maven.surefire.junitplatform.JUnitPlatformProvider
[INFO]
[INFO] -------------------------------------------------------
[INFO]  T E S T S
[INFO] -------------------------------------------------------
[INFO] Running com.SberTex.app.AppTest
@BeforeAll executed
@BeforeEach executed
@AfterEach executed
@BeforeEach executed
@AfterEach executed
@AfterAll executed
[INFO] Tests run: 2, Failures: 0, Errors: 0, Skipped: 0, Time elapsed: 0.056 s -- in com.SberTex.app.AppTest
[INFO]
[INFO] Results:
[INFO]
[INFO] Tests run: 2, Failures: 0, Errors: 0, Skipped: 0
[INFO]
[INFO]
[INFO] --- jar:3.4.2:jar (default-jar) @ Sortings ---
[INFO] Building jar: C:\Users\Shiko\IdeaProjects\task1\Task2\Sortings\target\Sortings-1.0-SNAPSHOT.jar
[INFO] ------------------------------------------------------------------------
[INFO] BUILD SUCCESS
[INFO] ------------------------------------------------------------------------
[INFO] Total time:  2.233 s
[INFO] Finished at: 2025-02-25T19:22:27+03:00
[INFO] ------------------------------------------------------------------------